{
  service: 'kyc-aadhaar-api',
  errors: {
    name: ValidatorError: Path `name` is required.
        at validate (/Users/ashulkumar/kyc-aadhaar-app/backend/node_modules/mongoose/lib/schematype.js:1365:13)
        at SchemaType.doValidate (/Users/ashulkumar/kyc-aadhaar-app/backend/node_modules/mongoose/lib/schematype.js:1349:7)
        at /Users/ashulkumar/kyc-aadhaar-app/backend/node_modules/mongoose/lib/document.js:3004:18
        at process.processTicksAndRejections (node:internal/process/task_queues:77:11) {
      properties: {
        validator: [Function (anonymous)],
        message: 'Path `name` is required.',
        type: 'required',
        path: 'name',
        fullPath: undefined,
        value: undefined
      },
      kind: 'required',
      path: 'name',
      value: undefined,
      reason: undefined,
      [Symbol(mongoose:validatorError)]: true
    }
  },
  _message: 'PanKyc validation failed',
  level: 'error',
  message: 'Error uploading PAN KYC file: PanKyc validation failed: name: Path `name` is required.',
  stack: 'ValidationError: PanKyc validation failed: name: Path `name` is required.\n' +
    '    at Document.invalidate (/Users/ashulkumar/kyc-aadhaar-app/backend/node_modules/mongoose/lib/document.js:3219:32)\n' +
    '    at /Users/ashulkumar/kyc-aadhaar-app/backend/node_modules/mongoose/lib/document.js:3012:17\n' +
    '    at /Users/ashulkumar/kyc-aadhaar-app/backend/node_modules/mongoose/lib/schematype.js:1368:9\n' +
    '    at process.processTicksAndRejections (node:internal/process/task_queues:77:11)',
  timestamp: '2025-09-01 17:20:27'
}
{
  service: 'kyc-aadhaar-api',
  errors: {
    name: ValidatorError: Path `name` is required.
        at validate (/Users/ashulkumar/kyc-aadhaar-app/backend/node_modules/mongoose/lib/schematype.js:1365:13)
        at SchemaType.doValidate (/Users/ashulkumar/kyc-aadhaar-app/backend/node_modules/mongoose/lib/schematype.js:1349:7)
        at /Users/ashulkumar/kyc-aadhaar-app/backend/node_modules/mongoose/lib/document.js:3004:18
        at process.processTicksAndRejections (node:internal/process/task_queues:77:11) {
      properties: {
        validator: [Function (anonymous)],
        message: 'Path `name` is required.',
        type: 'required',
        path: 'name',
        fullPath: undefined,
        value: undefined
      },
      kind: 'required',
      path: 'name',
      value: undefined,
      reason: undefined,
      [Symbol(mongoose:validatorError)]: true
    }
  },
  _message: 'PanKyc validation failed',
  level: 'error',
  message: 'Error uploading PAN KYC file: PanKyc validation failed: name: Path `name` is required.',
  stack: 'ValidationError: PanKyc validation failed: name: Path `name` is required.\n' +
    '    at Document.invalidate (/Users/ashulkumar/kyc-aadhaar-app/backend/node_modules/mongoose/lib/document.js:3219:32)\n' +
    '    at /Users/ashulkumar/kyc-aadhaar-app/backend/node_modules/mongoose/lib/document.js:3012:17\n' +
    '    at /Users/ashulkumar/kyc-aadhaar-app/backend/node_modules/mongoose/lib/schematype.js:1368:9\n' +
    '    at process.processTicksAndRejections (node:internal/process/task_queues:77:11)',
  timestamp: '2025-09-01 17:23:17'
}
{
  service: 'kyc-aadhaar-api',
  errors: {
    name: ValidatorError: Path `name` is required.
        at validate (/Users/ashulkumar/kyc-aadhaar-app/backend/node_modules/mongoose/lib/schematype.js:1365:13)
        at SchemaType.doValidate (/Users/ashulkumar/kyc-aadhaar-app/backend/node_modules/mongoose/lib/schematype.js:1349:7)
        at /Users/ashulkumar/kyc-aadhaar-app/backend/node_modules/mongoose/lib/document.js:3004:18
        at process.processTicksAndRejections (node:internal/process/task_queues:77:11) {
      properties: {
        validator: [Function (anonymous)],
        message: 'Path `name` is required.',
        type: 'required',
        path: 'name',
        fullPath: undefined,
        value: undefined
      },
      kind: 'required',
      path: 'name',
      value: undefined,
      reason: undefined,
      [Symbol(mongoose:validatorError)]: true
    }
  },
  _message: 'PanKyc validation failed',
  level: 'error',
  message: 'Error uploading PAN KYC file: PanKyc validation failed: name: Path `name` is required.',
  stack: 'ValidationError: PanKyc validation failed: name: Path `name` is required.\n' +
    '    at Document.invalidate (/Users/ashulkumar/kyc-aadhaar-app/backend/node_modules/mongoose/lib/document.js:3219:32)\n' +
    '    at /Users/ashulkumar/kyc-aadhaar-app/backend/node_modules/mongoose/lib/document.js:3012:17\n' +
    '    at /Users/ashulkumar/kyc-aadhaar-app/backend/node_modules/mongoose/lib/schematype.js:1368:9\n' +
    '    at process.processTicksAndRejections (node:internal/process/task_queues:77:11)',
  timestamp: '2025-09-01 17:24:47'
}
{
  service: 'kyc-aadhaar-api',
  message: 'Error details: PanKyc validation failed: name: Path `name` is required.',
  stack: 'ValidationError: PanKyc validation failed: name: Path `name` is required.\n' +
    '    at Document.invalidate (/Users/ashulkumar/kyc-aadhaar-app/backend/node_modules/mongoose/lib/document.js:3219:32)\n' +
    '    at /Users/ashulkumar/kyc-aadhaar-app/backend/node_modules/mongoose/lib/document.js:3012:17\n' +
    '    at /Users/ashulkumar/kyc-aadhaar-app/backend/node_modules/mongoose/lib/schematype.js:1368:9\n' +
    '    at process.processTicksAndRejections (node:internal/process/task_queues:77:11)',
  name: 'ValidationError',
  level: 'error',
  timestamp: '2025-09-01 17:24:47'
}
{
  service: 'kyc-aadhaar-api',
  errors: {
    name: ValidatorError: Path `name` is required.
        at validate (/Users/ashulkumar/kyc-aadhaar-app/backend/node_modules/mongoose/lib/schematype.js:1365:13)
        at SchemaType.doValidate (/Users/ashulkumar/kyc-aadhaar-app/backend/node_modules/mongoose/lib/schematype.js:1349:7)
        at /Users/ashulkumar/kyc-aadhaar-app/backend/node_modules/mongoose/lib/document.js:3004:18
        at process.processTicksAndRejections (node:internal/process/task_queues:77:11) {
      properties: {
        validator: [Function (anonymous)],
        message: 'Path `name` is required.',
        type: 'required',
        path: 'name',
        fullPath: undefined,
        value: undefined
      },
      kind: 'required',
      path: 'name',
      value: undefined,
      reason: undefined,
      [Symbol(mongoose:validatorError)]: true
    }
  },
  _message: 'PanKyc validation failed',
  level: 'error',
  message: 'Error uploading PAN KYC file: PanKyc validation failed: name: Path `name` is required.',
  stack: 'ValidationError: PanKyc validation failed: name: Path `name` is required.\n' +
    '    at Document.invalidate (/Users/ashulkumar/kyc-aadhaar-app/backend/node_modules/mongoose/lib/document.js:3219:32)\n' +
    '    at /Users/ashulkumar/kyc-aadhaar-app/backend/node_modules/mongoose/lib/document.js:3012:17\n' +
    '    at /Users/ashulkumar/kyc-aadhaar-app/backend/node_modules/mongoose/lib/schematype.js:1368:9\n' +
    '    at process.processTicksAndRejections (node:internal/process/task_queues:77:11)',
  timestamp: '2025-09-01 17:35:41'
}
{
  service: 'kyc-aadhaar-api',
  message: 'Error details: PanKyc validation failed: name: Path `name` is required.',
  stack: 'ValidationError: PanKyc validation failed: name: Path `name` is required.\n' +
    '    at Document.invalidate (/Users/ashulkumar/kyc-aadhaar-app/backend/node_modules/mongoose/lib/document.js:3219:32)\n' +
    '    at /Users/ashulkumar/kyc-aadhaar-app/backend/node_modules/mongoose/lib/document.js:3012:17\n' +
    '    at /Users/ashulkumar/kyc-aadhaar-app/backend/node_modules/mongoose/lib/schematype.js:1368:9\n' +
    '    at process.processTicksAndRejections (node:internal/process/task_queues:77:11)',
  name: 'ValidationError',
  level: 'error',
  timestamp: '2025-09-01 17:35:41'
}
{
  service: 'kyc-aadhaar-api',
  errors: {
    name: ValidatorError: Path `name` is required.
        at validate (/Users/ashulkumar/kyc-aadhaar-app/backend/node_modules/mongoose/lib/schematype.js:1365:13)
        at SchemaType.doValidate (/Users/ashulkumar/kyc-aadhaar-app/backend/node_modules/mongoose/lib/schematype.js:1349:7)
        at /Users/ashulkumar/kyc-aadhaar-app/backend/node_modules/mongoose/lib/document.js:3004:18
        at process.processTicksAndRejections (node:internal/process/task_queues:77:11) {
      properties: {
        validator: [Function (anonymous)],
        message: 'Path `name` is required.',
        type: 'required',
        path: 'name',
        fullPath: undefined,
        value: undefined
      },
      kind: 'required',
      path: 'name',
      value: undefined,
      reason: undefined,
      [Symbol(mongoose:validatorError)]: true
    }
  },
  _message: 'PanKyc validation failed',
  level: 'error',
  message: 'Error uploading PAN KYC file: PanKyc validation failed: name: Path `name` is required.',
  stack: 'ValidationError: PanKyc validation failed: name: Path `name` is required.\n' +
    '    at Document.invalidate (/Users/ashulkumar/kyc-aadhaar-app/backend/node_modules/mongoose/lib/document.js:3219:32)\n' +
    '    at /Users/ashulkumar/kyc-aadhaar-app/backend/node_modules/mongoose/lib/document.js:3012:17\n' +
    '    at /Users/ashulkumar/kyc-aadhaar-app/backend/node_modules/mongoose/lib/schematype.js:1368:9\n' +
    '    at process.processTicksAndRejections (node:internal/process/task_queues:77:11)',
  timestamp: '2025-09-01 17:38:56'
}
{
  service: 'kyc-aadhaar-api',
  message: 'Error details: PanKyc validation failed: name: Path `name` is required.',
  stack: 'ValidationError: PanKyc validation failed: name: Path `name` is required.\n' +
    '    at Document.invalidate (/Users/ashulkumar/kyc-aadhaar-app/backend/node_modules/mongoose/lib/document.js:3219:32)\n' +
    '    at /Users/ashulkumar/kyc-aadhaar-app/backend/node_modules/mongoose/lib/document.js:3012:17\n' +
    '    at /Users/ashulkumar/kyc-aadhaar-app/backend/node_modules/mongoose/lib/schematype.js:1368:9\n' +
    '    at process.processTicksAndRejections (node:internal/process/task_queues:77:11)',
  name: 'ValidationError',
  level: 'error',
  timestamp: '2025-09-01 17:38:56'
}
{
  service: 'kyc-aadhaar-api',
  errors: {
    name: ValidatorError: Path `name` is required.
        at validate (/Users/ashulkumar/kyc-aadhaar-app/backend/node_modules/mongoose/lib/schematype.js:1365:13)
        at SchemaType.doValidate (/Users/ashulkumar/kyc-aadhaar-app/backend/node_modules/mongoose/lib/schematype.js:1349:7)
        at /Users/ashulkumar/kyc-aadhaar-app/backend/node_modules/mongoose/lib/document.js:3004:18
        at process.processTicksAndRejections (node:internal/process/task_queues:77:11) {
      properties: {
        validator: [Function (anonymous)],
        message: 'Path `name` is required.',
        type: 'required',
        path: 'name',
        fullPath: undefined,
        value: undefined
      },
      kind: 'required',
      path: 'name',
      value: undefined,
      reason: undefined,
      [Symbol(mongoose:validatorError)]: true
    }
  },
  _message: 'PanKyc validation failed',
  level: 'error',
  message: 'Error uploading PAN KYC file: PanKyc validation failed: name: Path `name` is required.',
  stack: 'ValidationError: PanKyc validation failed: name: Path `name` is required.\n' +
    '    at Document.invalidate (/Users/ashulkumar/kyc-aadhaar-app/backend/node_modules/mongoose/lib/document.js:3219:32)\n' +
    '    at /Users/ashulkumar/kyc-aadhaar-app/backend/node_modules/mongoose/lib/document.js:3012:17\n' +
    '    at /Users/ashulkumar/kyc-aadhaar-app/backend/node_modules/mongoose/lib/schematype.js:1368:9\n' +
    '    at process.processTicksAndRejections (node:internal/process/task_queues:77:11)',
  timestamp: '2025-09-01 17:41:00'
}
{
  service: 'kyc-aadhaar-api',
  message: 'Error details: PanKyc validation failed: name: Path `name` is required.',
  stack: 'ValidationError: PanKyc validation failed: name: Path `name` is required.\n' +
    '    at Document.invalidate (/Users/ashulkumar/kyc-aadhaar-app/backend/node_modules/mongoose/lib/document.js:3219:32)\n' +
    '    at /Users/ashulkumar/kyc-aadhaar-app/backend/node_modules/mongoose/lib/document.js:3012:17\n' +
    '    at /Users/ashulkumar/kyc-aadhaar-app/backend/node_modules/mongoose/lib/schematype.js:1368:9\n' +
    '    at process.processTicksAndRejections (node:internal/process/task_queues:77:11)',
  name: 'ValidationError',
  level: 'error',
  timestamp: '2025-09-01 17:41:00'
}
{
  service: 'kyc-aadhaar-api',
  errors: {
    name: ValidatorError: Path `name` is required.
        at validate (/Users/ashulkumar/kyc-aadhaar-app/backend/node_modules/mongoose/lib/schematype.js:1365:13)
        at SchemaType.doValidate (/Users/ashulkumar/kyc-aadhaar-app/backend/node_modules/mongoose/lib/schematype.js:1349:7)
        at /Users/ashulkumar/kyc-aadhaar-app/backend/node_modules/mongoose/lib/document.js:3004:18
        at process.processTicksAndRejections (node:internal/process/task_queues:77:11) {
      properties: {
        validator: [Function (anonymous)],
        message: 'Path `name` is required.',
        type: 'required',
        path: 'name',
        fullPath: undefined,
        value: undefined
      },
      kind: 'required',
      path: 'name',
      value: undefined,
      reason: undefined,
      [Symbol(mongoose:validatorError)]: true
    }
  },
  _message: 'PanKyc validation failed',
  level: 'error',
  message: 'Error uploading PAN KYC file: PanKyc validation failed: name: Path `name` is required.',
  stack: 'ValidationError: PanKyc validation failed: name: Path `name` is required.\n' +
    '    at Document.invalidate (/Users/ashulkumar/kyc-aadhaar-app/backend/node_modules/mongoose/lib/document.js:3219:32)\n' +
    '    at /Users/ashulkumar/kyc-aadhaar-app/backend/node_modules/mongoose/lib/document.js:3012:17\n' +
    '    at /Users/ashulkumar/kyc-aadhaar-app/backend/node_modules/mongoose/lib/schematype.js:1368:9\n' +
    '    at process.processTicksAndRejections (node:internal/process/task_queues:77:11)',
  timestamp: '2025-09-01 17:42:16'
}
{
  service: 'kyc-aadhaar-api',
  message: 'Error details: PanKyc validation failed: name: Path `name` is required.',
  stack: 'ValidationError: PanKyc validation failed: name: Path `name` is required.\n' +
    '    at Document.invalidate (/Users/ashulkumar/kyc-aadhaar-app/backend/node_modules/mongoose/lib/document.js:3219:32)\n' +
    '    at /Users/ashulkumar/kyc-aadhaar-app/backend/node_modules/mongoose/lib/document.js:3012:17\n' +
    '    at /Users/ashulkumar/kyc-aadhaar-app/backend/node_modules/mongoose/lib/schematype.js:1368:9\n' +
    '    at process.processTicksAndRejections (node:internal/process/task_queues:77:11)',
  name: 'ValidationError',
  level: 'error',
  timestamp: '2025-09-01 17:42:16'
}
{
  service: 'kyc-aadhaar-api',
  errors: {
    name: ValidatorError: Path `name` is required.
        at validate (/Users/ashulkumar/kyc-aadhaar-app/backend/node_modules/mongoose/lib/schematype.js:1365:13)
        at SchemaType.doValidate (/Users/ashulkumar/kyc-aadhaar-app/backend/node_modules/mongoose/lib/schematype.js:1349:7)
        at /Users/ashulkumar/kyc-aadhaar-app/backend/node_modules/mongoose/lib/document.js:3004:18
        at process.processTicksAndRejections (node:internal/process/task_queues:77:11) {
      properties: {
        validator: [Function (anonymous)],
        message: 'Path `name` is required.',
        type: 'required',
        path: 'name',
        fullPath: undefined,
        value: undefined
      },
      kind: 'required',
      path: 'name',
      value: undefined,
      reason: undefined,
      [Symbol(mongoose:validatorError)]: true
    }
  },
  _message: 'PanKyc validation failed',
  level: 'error',
  message: 'Error saving individual record: PanKyc validation failed: name: Path `name` is required.',
  stack: 'ValidationError: PanKyc validation failed: name: Path `name` is required.\n' +
    '    at Document.invalidate (/Users/ashulkumar/kyc-aadhaar-app/backend/node_modules/mongoose/lib/document.js:3219:32)\n' +
    '    at /Users/ashulkumar/kyc-aadhaar-app/backend/node_modules/mongoose/lib/document.js:3012:17\n' +
    '    at /Users/ashulkumar/kyc-aadhaar-app/backend/node_modules/mongoose/lib/schematype.js:1368:9\n' +
    '    at process.processTicksAndRejections (node:internal/process/task_queues:77:11)',
  timestamp: '2025-09-01 17:45:10'
}
{
  service: 'kyc-aadhaar-api',
  errors: {
    name: ValidatorError: Path `name` is required.
        at validate (/Users/ashulkumar/kyc-aadhaar-app/backend/node_modules/mongoose/lib/schematype.js:1365:13)
        at SchemaType.doValidate (/Users/ashulkumar/kyc-aadhaar-app/backend/node_modules/mongoose/lib/schematype.js:1349:7)
        at /Users/ashulkumar/kyc-aadhaar-app/backend/node_modules/mongoose/lib/document.js:3004:18
        at process.processTicksAndRejections (node:internal/process/task_queues:77:11) {
      properties: {
        validator: [Function (anonymous)],
        message: 'Path `name` is required.',
        type: 'required',
        path: 'name',
        fullPath: undefined,
        value: undefined
      },
      kind: 'required',
      path: 'name',
      value: undefined,
      reason: undefined,
      [Symbol(mongoose:validatorError)]: true
    }
  },
  _message: 'PanKyc validation failed',
  level: 'error',
  message: 'Error uploading PAN KYC file: PanKyc validation failed: name: Path `name` is required.',
  stack: 'ValidationError: PanKyc validation failed: name: Path `name` is required.\n' +
    '    at Document.invalidate (/Users/ashulkumar/kyc-aadhaar-app/backend/node_modules/mongoose/lib/document.js:3219:32)\n' +
    '    at /Users/ashulkumar/kyc-aadhaar-app/backend/node_modules/mongoose/lib/document.js:3012:17\n' +
    '    at /Users/ashulkumar/kyc-aadhaar-app/backend/node_modules/mongoose/lib/schematype.js:1368:9\n' +
    '    at process.processTicksAndRejections (node:internal/process/task_queues:77:11)',
  timestamp: '2025-09-01 17:45:10'
}
{
  service: 'kyc-aadhaar-api',
  message: 'Error details: PanKyc validation failed: name: Path `name` is required.',
  stack: 'ValidationError: PanKyc validation failed: name: Path `name` is required.\n' +
    '    at Document.invalidate (/Users/ashulkumar/kyc-aadhaar-app/backend/node_modules/mongoose/lib/document.js:3219:32)\n' +
    '    at /Users/ashulkumar/kyc-aadhaar-app/backend/node_modules/mongoose/lib/document.js:3012:17\n' +
    '    at /Users/ashulkumar/kyc-aadhaar-app/backend/node_modules/mongoose/lib/schematype.js:1368:9\n' +
    '    at process.processTicksAndRejections (node:internal/process/task_queues:77:11)',
  name: 'ValidationError',
  level: 'error',
  timestamp: '2025-09-01 17:45:10'
}
{
  service: 'kyc-aadhaar-api',
  errors: {
    name: ValidatorError: Path `name` is required.
        at validate (/Users/ashulkumar/kyc-aadhaar-app/backend/node_modules/mongoose/lib/schematype.js:1365:13)
        at SchemaType.doValidate (/Users/ashulkumar/kyc-aadhaar-app/backend/node_modules/mongoose/lib/schematype.js:1349:7)
        at /Users/ashulkumar/kyc-aadhaar-app/backend/node_modules/mongoose/lib/document.js:3004:18
        at process.processTicksAndRejections (node:internal/process/task_queues:77:11) {
      properties: {
        validator: [Function (anonymous)],
        message: 'Path `name` is required.',
        type: 'required',
        path: 'name',
        fullPath: undefined,
        value: undefined
      },
      kind: 'required',
      path: 'name',
      value: undefined,
      reason: undefined,
      [Symbol(mongoose:validatorError)]: true
    }
  },
  _message: 'PanKyc validation failed',
  level: 'error',
  message: 'Error saving individual record: PanKyc validation failed: name: Path `name` is required.',
  stack: 'ValidationError: PanKyc validation failed: name: Path `name` is required.\n' +
    '    at Document.invalidate (/Users/ashulkumar/kyc-aadhaar-app/backend/node_modules/mongoose/lib/document.js:3219:32)\n' +
    '    at /Users/ashulkumar/kyc-aadhaar-app/backend/node_modules/mongoose/lib/document.js:3012:17\n' +
    '    at /Users/ashulkumar/kyc-aadhaar-app/backend/node_modules/mongoose/lib/schematype.js:1368:9\n' +
    '    at process.processTicksAndRejections (node:internal/process/task_queues:77:11)',
  timestamp: '2025-09-01 17:48:56'
}
{
  service: 'kyc-aadhaar-api',
  errors: {
    name: ValidatorError: Path `name` is required.
        at validate (/Users/ashulkumar/kyc-aadhaar-app/backend/node_modules/mongoose/lib/schematype.js:1365:13)
        at SchemaType.doValidate (/Users/ashulkumar/kyc-aadhaar-app/backend/node_modules/mongoose/lib/schematype.js:1349:7)
        at /Users/ashulkumar/kyc-aadhaar-app/backend/node_modules/mongoose/lib/document.js:3004:18
        at process.processTicksAndRejections (node:internal/process/task_queues:77:11) {
      properties: {
        validator: [Function (anonymous)],
        message: 'Path `name` is required.',
        type: 'required',
        path: 'name',
        fullPath: undefined,
        value: undefined
      },
      kind: 'required',
      path: 'name',
      value: undefined,
      reason: undefined,
      [Symbol(mongoose:validatorError)]: true
    }
  },
  _message: 'PanKyc validation failed',
  level: 'error',
  message: 'Error uploading PAN KYC file: PanKyc validation failed: name: Path `name` is required.',
  stack: 'ValidationError: PanKyc validation failed: name: Path `name` is required.\n' +
    '    at Document.invalidate (/Users/ashulkumar/kyc-aadhaar-app/backend/node_modules/mongoose/lib/document.js:3219:32)\n' +
    '    at /Users/ashulkumar/kyc-aadhaar-app/backend/node_modules/mongoose/lib/document.js:3012:17\n' +
    '    at /Users/ashulkumar/kyc-aadhaar-app/backend/node_modules/mongoose/lib/schematype.js:1368:9\n' +
    '    at process.processTicksAndRejections (node:internal/process/task_queues:77:11)',
  timestamp: '2025-09-01 17:48:56'
}
{
  service: 'kyc-aadhaar-api',
  message: 'Error details: PanKyc validation failed: name: Path `name` is required.',
  stack: 'ValidationError: PanKyc validation failed: name: Path `name` is required.\n' +
    '    at Document.invalidate (/Users/ashulkumar/kyc-aadhaar-app/backend/node_modules/mongoose/lib/document.js:3219:32)\n' +
    '    at /Users/ashulkumar/kyc-aadhaar-app/backend/node_modules/mongoose/lib/document.js:3012:17\n' +
    '    at /Users/ashulkumar/kyc-aadhaar-app/backend/node_modules/mongoose/lib/schematype.js:1368:9\n' +
    '    at process.processTicksAndRejections (node:internal/process/task_queues:77:11)',
  name: 'ValidationError',
  level: 'error',
  timestamp: '2025-09-01 17:48:56'
}
{
  service: 'kyc-aadhaar-api',
  errors: {
    name: ValidatorError: Path `name` is required.
        at validate (/Users/ashulkumar/kyc-aadhaar-app/backend/node_modules/mongoose/lib/schematype.js:1365:13)
        at SchemaType.doValidate (/Users/ashulkumar/kyc-aadhaar-app/backend/node_modules/mongoose/lib/schematype.js:1349:7)
        at /Users/ashulkumar/kyc-aadhaar-app/backend/node_modules/mongoose/lib/document.js:3004:18
        at process.processTicksAndRejections (node:internal/process/task_queues:77:11) {
      properties: {
        validator: [Function (anonymous)],
        message: 'Path `name` is required.',
        type: 'required',
        path: 'name',
        fullPath: undefined,
        value: undefined
      },
      kind: 'required',
      path: 'name',
      value: undefined,
      reason: undefined,
      [Symbol(mongoose:validatorError)]: true
    }
  },
  _message: 'PanKyc validation failed',
  level: 'error',
  message: 'Error saving individual record: PanKyc validation failed: name: Path `name` is required.',
  stack: 'ValidationError: PanKyc validation failed: name: Path `name` is required.\n' +
    '    at Document.invalidate (/Users/ashulkumar/kyc-aadhaar-app/backend/node_modules/mongoose/lib/document.js:3219:32)\n' +
    '    at /Users/ashulkumar/kyc-aadhaar-app/backend/node_modules/mongoose/lib/document.js:3012:17\n' +
    '    at /Users/ashulkumar/kyc-aadhaar-app/backend/node_modules/mongoose/lib/schematype.js:1368:9\n' +
    '    at process.processTicksAndRejections (node:internal/process/task_queues:77:11)',
  timestamp: '2025-09-01 17:49:20'
}
{
  service: 'kyc-aadhaar-api',
  errors: {
    name: ValidatorError: Path `name` is required.
        at validate (/Users/ashulkumar/kyc-aadhaar-app/backend/node_modules/mongoose/lib/schematype.js:1365:13)
        at SchemaType.doValidate (/Users/ashulkumar/kyc-aadhaar-app/backend/node_modules/mongoose/lib/schematype.js:1349:7)
        at /Users/ashulkumar/kyc-aadhaar-app/backend/node_modules/mongoose/lib/document.js:3004:18
        at process.processTicksAndRejections (node:internal/process/task_queues:77:11) {
      properties: {
        validator: [Function (anonymous)],
        message: 'Path `name` is required.',
        type: 'required',
        path: 'name',
        fullPath: undefined,
        value: undefined
      },
      kind: 'required',
      path: 'name',
      value: undefined,
      reason: undefined,
      [Symbol(mongoose:validatorError)]: true
    }
  },
  _message: 'PanKyc validation failed',
  level: 'error',
  message: 'Error uploading PAN KYC file: PanKyc validation failed: name: Path `name` is required.',
  stack: 'ValidationError: PanKyc validation failed: name: Path `name` is required.\n' +
    '    at Document.invalidate (/Users/ashulkumar/kyc-aadhaar-app/backend/node_modules/mongoose/lib/document.js:3219:32)\n' +
    '    at /Users/ashulkumar/kyc-aadhaar-app/backend/node_modules/mongoose/lib/document.js:3012:17\n' +
    '    at /Users/ashulkumar/kyc-aadhaar-app/backend/node_modules/mongoose/lib/schematype.js:1368:9\n' +
    '    at process.processTicksAndRejections (node:internal/process/task_queues:77:11)',
  timestamp: '2025-09-01 17:49:20'
}
{
  service: 'kyc-aadhaar-api',
  message: 'Error details: PanKyc validation failed: name: Path `name` is required.',
  stack: 'ValidationError: PanKyc validation failed: name: Path `name` is required.\n' +
    '    at Document.invalidate (/Users/ashulkumar/kyc-aadhaar-app/backend/node_modules/mongoose/lib/document.js:3219:32)\n' +
    '    at /Users/ashulkumar/kyc-aadhaar-app/backend/node_modules/mongoose/lib/document.js:3012:17\n' +
    '    at /Users/ashulkumar/kyc-aadhaar-app/backend/node_modules/mongoose/lib/schematype.js:1368:9\n' +
    '    at process.processTicksAndRejections (node:internal/process/task_queues:77:11)',
  name: 'ValidationError',
  level: 'error',
  timestamp: '2025-09-01 17:49:20'
}
{
  service: 'kyc-aadhaar-api',
  errors: {
    name: ValidatorError: Path `name` is required.
        at validate (/Users/ashulkumar/kyc-aadhaar-app/backend/node_modules/mongoose/lib/schematype.js:1365:13)
        at SchemaType.doValidate (/Users/ashulkumar/kyc-aadhaar-app/backend/node_modules/mongoose/lib/schematype.js:1349:7)
        at /Users/ashulkumar/kyc-aadhaar-app/backend/node_modules/mongoose/lib/document.js:3004:18
        at process.processTicksAndRejections (node:internal/process/task_queues:77:11) {
      properties: {
        validator: [Function (anonymous)],
        message: 'Path `name` is required.',
        type: 'required',
        path: 'name',
        fullPath: undefined,
        value: undefined
      },
      kind: 'required',
      path: 'name',
      value: undefined,
      reason: undefined,
      [Symbol(mongoose:validatorError)]: true
    }
  },
  _message: 'PanKyc validation failed',
  level: 'error',
  message: 'Error uploading PAN KYC file: PanKyc validation failed: name: Path `name` is required.',
  stack: 'ValidationError: PanKyc validation failed: name: Path `name` is required.\n' +
    '    at Document.invalidate (/Users/ashulkumar/kyc-aadhaar-app/backend/node_modules/mongoose/lib/document.js:3219:32)\n' +
    '    at /Users/ashulkumar/kyc-aadhaar-app/backend/node_modules/mongoose/lib/document.js:3012:17\n' +
    '    at /Users/ashulkumar/kyc-aadhaar-app/backend/node_modules/mongoose/lib/schematype.js:1368:9\n' +
    '    at process.processTicksAndRejections (node:internal/process/task_queues:77:11)',
  timestamp: '2025-09-01 17:52:25'
}
{
  service: 'kyc-aadhaar-api',
  message: 'Error details: PanKyc validation failed: name: Path `name` is required.',
  stack: 'ValidationError: PanKyc validation failed: name: Path `name` is required.\n' +
    '    at Document.invalidate (/Users/ashulkumar/kyc-aadhaar-app/backend/node_modules/mongoose/lib/document.js:3219:32)\n' +
    '    at /Users/ashulkumar/kyc-aadhaar-app/backend/node_modules/mongoose/lib/document.js:3012:17\n' +
    '    at /Users/ashulkumar/kyc-aadhaar-app/backend/node_modules/mongoose/lib/schematype.js:1368:9\n' +
    '    at process.processTicksAndRejections (node:internal/process/task_queues:77:11)',
  name: 'ValidationError',
  level: 'error',
  timestamp: '2025-09-01 17:52:25'
}
{
  service: 'kyc-aadhaar-api',
  errors: {
    name: ValidatorError: Path `name` is required.
        at validate (/Users/ashulkumar/kyc-aadhaar-app/backend/node_modules/mongoose/lib/schematype.js:1365:13)
        at SchemaType.doValidate (/Users/ashulkumar/kyc-aadhaar-app/backend/node_modules/mongoose/lib/schematype.js:1349:7)
        at /Users/ashulkumar/kyc-aadhaar-app/backend/node_modules/mongoose/lib/document.js:3004:18
        at process.processTicksAndRejections (node:internal/process/task_queues:77:11) {
      properties: {
        validator: [Function (anonymous)],
        message: 'Path `name` is required.',
        type: 'required',
        path: 'name',
        fullPath: undefined,
        value: undefined
      },
      kind: 'required',
      path: 'name',
      value: undefined,
      reason: undefined,
      [Symbol(mongoose:validatorError)]: true
    }
  },
  _message: 'PanKyc validation failed',
  level: 'error',
  message: 'Error uploading PAN KYC file: PanKyc validation failed: name: Path `name` is required.',
  stack: 'ValidationError: PanKyc validation failed: name: Path `name` is required.\n' +
    '    at Document.invalidate (/Users/ashulkumar/kyc-aadhaar-app/backend/node_modules/mongoose/lib/document.js:3219:32)\n' +
    '    at /Users/ashulkumar/kyc-aadhaar-app/backend/node_modules/mongoose/lib/document.js:3012:17\n' +
    '    at /Users/ashulkumar/kyc-aadhaar-app/backend/node_modules/mongoose/lib/schematype.js:1368:9\n' +
    '    at process.processTicksAndRejections (node:internal/process/task_queues:77:11)',
  timestamp: '2025-09-01 17:55:49'
}
{
  service: 'kyc-aadhaar-api',
  message: 'Error details: PanKyc validation failed: name: Path `name` is required.',
  stack: 'ValidationError: PanKyc validation failed: name: Path `name` is required.\n' +
    '    at Document.invalidate (/Users/ashulkumar/kyc-aadhaar-app/backend/node_modules/mongoose/lib/document.js:3219:32)\n' +
    '    at /Users/ashulkumar/kyc-aadhaar-app/backend/node_modules/mongoose/lib/document.js:3012:17\n' +
    '    at /Users/ashulkumar/kyc-aadhaar-app/backend/node_modules/mongoose/lib/schematype.js:1368:9\n' +
    '    at process.processTicksAndRejections (node:internal/process/task_queues:77:11)',
  name: 'ValidationError',
  level: 'error',
  timestamp: '2025-09-01 17:55:49'
}
{
  service: 'kyc-aadhaar-api',
  errors: {
    name: ValidatorError: Path `name` is required.
        at validate (/Users/ashulkumar/kyc-aadhaar-app/backend/node_modules/mongoose/lib/schematype.js:1365:13)
        at SchemaType.doValidate (/Users/ashulkumar/kyc-aadhaar-app/backend/node_modules/mongoose/lib/schematype.js:1349:7)
        at /Users/ashulkumar/kyc-aadhaar-app/backend/node_modules/mongoose/lib/document.js:3004:18
        at process.processTicksAndRejections (node:internal/process/task_queues:77:11) {
      properties: {
        validator: [Function (anonymous)],
        message: 'Path `name` is required.',
        type: 'required',
        path: 'name',
        fullPath: undefined,
        value: undefined
      },
      kind: 'required',
      path: 'name',
      value: undefined,
      reason: undefined,
      [Symbol(mongoose:validatorError)]: true
    }
  },
  _message: 'PanKyc validation failed',
  level: 'error',
  message: 'Error uploading PAN KYC file: PanKyc validation failed: name: Path `name` is required.',
  stack: 'ValidationError: PanKyc validation failed: name: Path `name` is required.\n' +
    '    at Document.invalidate (/Users/ashulkumar/kyc-aadhaar-app/backend/node_modules/mongoose/lib/document.js:3219:32)\n' +
    '    at /Users/ashulkumar/kyc-aadhaar-app/backend/node_modules/mongoose/lib/document.js:3012:17\n' +
    '    at /Users/ashulkumar/kyc-aadhaar-app/backend/node_modules/mongoose/lib/schematype.js:1368:9\n' +
    '    at process.processTicksAndRejections (node:internal/process/task_queues:77:11)',
  timestamp: '2025-09-01 17:56:10'
}
{
  service: 'kyc-aadhaar-api',
  message: 'Error details: PanKyc validation failed: name: Path `name` is required.',
  stack: 'ValidationError: PanKyc validation failed: name: Path `name` is required.\n' +
    '    at Document.invalidate (/Users/ashulkumar/kyc-aadhaar-app/backend/node_modules/mongoose/lib/document.js:3219:32)\n' +
    '    at /Users/ashulkumar/kyc-aadhaar-app/backend/node_modules/mongoose/lib/document.js:3012:17\n' +
    '    at /Users/ashulkumar/kyc-aadhaar-app/backend/node_modules/mongoose/lib/schematype.js:1368:9\n' +
    '    at process.processTicksAndRejections (node:internal/process/task_queues:77:11)',
  name: 'ValidationError',
  level: 'error',
  timestamp: '2025-09-01 17:56:10'
}
{
  service: 'kyc-aadhaar-api',
  errors: {
    name: ValidatorError: Path `name` is required.
        at validate (/Users/ashulkumar/kyc-aadhaar-app/backend/node_modules/mongoose/lib/schematype.js:1365:13)
        at SchemaType.doValidate (/Users/ashulkumar/kyc-aadhaar-app/backend/node_modules/mongoose/lib/schematype.js:1349:7)
        at /Users/ashulkumar/kyc-aadhaar-app/backend/node_modules/mongoose/lib/document.js:3004:18
        at process.processTicksAndRejections (node:internal/process/task_queues:77:11) {
      properties: {
        validator: [Function (anonymous)],
        message: 'Path `name` is required.',
        type: 'required',
        path: 'name',
        fullPath: undefined,
        value: undefined
      },
      kind: 'required',
      path: 'name',
      value: undefined,
      reason: undefined,
      [Symbol(mongoose:validatorError)]: true
    }
  },
  _message: 'PanKyc validation failed',
  level: 'error',
  message: 'Error uploading PAN KYC file: PanKyc validation failed: name: Path `name` is required.',
  stack: 'ValidationError: PanKyc validation failed: name: Path `name` is required.\n' +
    '    at Document.invalidate (/Users/ashulkumar/kyc-aadhaar-app/backend/node_modules/mongoose/lib/document.js:3219:32)\n' +
    '    at /Users/ashulkumar/kyc-aadhaar-app/backend/node_modules/mongoose/lib/document.js:3012:17\n' +
    '    at /Users/ashulkumar/kyc-aadhaar-app/backend/node_modules/mongoose/lib/schematype.js:1368:9\n' +
    '    at process.processTicksAndRejections (node:internal/process/task_queues:77:11)',
  timestamp: '2025-09-01 18:01:32'
}
{
  service: 'kyc-aadhaar-api',
  message: 'Error details: PanKyc validation failed: name: Path `name` is required.',
  stack: 'ValidationError: PanKyc validation failed: name: Path `name` is required.\n' +
    '    at Document.invalidate (/Users/ashulkumar/kyc-aadhaar-app/backend/node_modules/mongoose/lib/document.js:3219:32)\n' +
    '    at /Users/ashulkumar/kyc-aadhaar-app/backend/node_modules/mongoose/lib/document.js:3012:17\n' +
    '    at /Users/ashulkumar/kyc-aadhaar-app/backend/node_modules/mongoose/lib/schematype.js:1368:9\n' +
    '    at process.processTicksAndRejections (node:internal/process/task_queues:77:11)',
  name: 'ValidationError',
  level: 'error',
  timestamp: '2025-09-01 18:01:32'
}
{
  service: 'kyc-aadhaar-api',
  level: 'error',
  message: 'Error uploading PAN KYC file: name: Path `name` is required.',
  stack: 'Error: name: Path `name` is required.\n' +
    '    at model.<anonymous> (/Users/ashulkumar/kyc-aadhaar-app/backend/src/models/PanKyc.js:116:17)\n' +
    '    at callMiddlewareFunction (/Users/ashulkumar/kyc-aadhaar-app/backend/node_modules/kareem/index.js:628:27)\n' +
    '    at next (/Users/ashulkumar/kyc-aadhaar-app/backend/node_modules/kareem/index.js:93:7)\n' +
    '    at Kareem.execPre (/Users/ashulkumar/kyc-aadhaar-app/backend/node_modules/kareem/index.js:122:8)\n' +
    '    at Kareem.wrap (/Users/ashulkumar/kyc-aadhaar-app/backend/node_modules/kareem/index.js:368:8)\n' +
    '    at model.$__validate (/Users/ashulkumar/kyc-aadhaar-app/backend/node_modules/kareem/index.js:502:11)\n' +
    '    at /Users/ashulkumar/kyc-aadhaar-app/backend/node_modules/mongoose/lib/document.js:2629:10\n' +
    '    at new Promise (<anonymous>)\n' +
    '    at model.validate (/Users/ashulkumar/kyc-aadhaar-app/backend/node_modules/mongoose/lib/document.js:2628:10)\n' +
    '    at /Users/ashulkumar/kyc-aadhaar-app/backend/src/routes/panKyc.js:265:26',
  timestamp: '2025-09-01 18:06:53'
}
{
  service: 'kyc-aadhaar-api',
  message: 'Error details: name: Path `name` is required.',
  stack: 'Error: name: Path `name` is required.\n' +
    '    at model.<anonymous> (/Users/ashulkumar/kyc-aadhaar-app/backend/src/models/PanKyc.js:116:17)\n' +
    '    at callMiddlewareFunction (/Users/ashulkumar/kyc-aadhaar-app/backend/node_modules/kareem/index.js:628:27)\n' +
    '    at next (/Users/ashulkumar/kyc-aadhaar-app/backend/node_modules/kareem/index.js:93:7)\n' +
    '    at Kareem.execPre (/Users/ashulkumar/kyc-aadhaar-app/backend/node_modules/kareem/index.js:122:8)\n' +
    '    at Kareem.wrap (/Users/ashulkumar/kyc-aadhaar-app/backend/node_modules/kareem/index.js:368:8)\n' +
    '    at model.$__validate (/Users/ashulkumar/kyc-aadhaar-app/backend/node_modules/kareem/index.js:502:11)\n' +
    '    at /Users/ashulkumar/kyc-aadhaar-app/backend/node_modules/mongoose/lib/document.js:2629:10\n' +
    '    at new Promise (<anonymous>)\n' +
    '    at model.validate (/Users/ashulkumar/kyc-aadhaar-app/backend/node_modules/mongoose/lib/document.js:2628:10)\n' +
    '    at /Users/ashulkumar/kyc-aadhaar-app/backend/src/routes/panKyc.js:265:26',
  name: 'Error',
  level: 'error',
  timestamp: '2025-09-01 18:06:53'
}
{
  service: 'kyc-aadhaar-api',
  level: 'error',
  message: 'Error saving individual record: name: Path `name` is required.',
  stack: 'Error: name: Path `name` is required.\n' +
    '    at model.<anonymous> (/Users/ashulkumar/kyc-aadhaar-app/backend/src/models/PanKyc.js:112:17)\n' +
    '    at callMiddlewareFunction (/Users/ashulkumar/kyc-aadhaar-app/backend/node_modules/kareem/index.js:628:27)\n' +
    '    at next (/Users/ashulkumar/kyc-aadhaar-app/backend/node_modules/kareem/index.js:93:7)\n' +
    '    at Kareem.execPre (/Users/ashulkumar/kyc-aadhaar-app/backend/node_modules/kareem/index.js:122:8)\n' +
    '    at Kareem.wrap (/Users/ashulkumar/kyc-aadhaar-app/backend/node_modules/kareem/index.js:368:8)\n' +
    '    at model.$__validate (/Users/ashulkumar/kyc-aadhaar-app/backend/node_modules/kareem/index.js:502:11)\n' +
    '    at /Users/ashulkumar/kyc-aadhaar-app/backend/node_modules/mongoose/lib/document.js:2629:10\n' +
    '    at new Promise (<anonymous>)\n' +
    '    at model.validate (/Users/ashulkumar/kyc-aadhaar-app/backend/node_modules/mongoose/lib/document.js:2628:10)\n' +
    '    at model.validateBeforeSave (/Users/ashulkumar/kyc-aadhaar-app/backend/node_modules/mongoose/lib/plugins/validateBeforeSave.js:35:12)',
  timestamp: '2025-09-01 18:10:09'
}
{
  service: 'kyc-aadhaar-api',
  level: 'error',
  message: 'Error uploading PAN KYC file: name: Path `name` is required.',
  stack: 'Error: name: Path `name` is required.\n' +
    '    at model.<anonymous> (/Users/ashulkumar/kyc-aadhaar-app/backend/src/models/PanKyc.js:112:17)\n' +
    '    at callMiddlewareFunction (/Users/ashulkumar/kyc-aadhaar-app/backend/node_modules/kareem/index.js:628:27)\n' +
    '    at next (/Users/ashulkumar/kyc-aadhaar-app/backend/node_modules/kareem/index.js:93:7)\n' +
    '    at Kareem.execPre (/Users/ashulkumar/kyc-aadhaar-app/backend/node_modules/kareem/index.js:122:8)\n' +
    '    at Kareem.wrap (/Users/ashulkumar/kyc-aadhaar-app/backend/node_modules/kareem/index.js:368:8)\n' +
    '    at model.$__validate (/Users/ashulkumar/kyc-aadhaar-app/backend/node_modules/kareem/index.js:502:11)\n' +
    '    at /Users/ashulkumar/kyc-aadhaar-app/backend/node_modules/mongoose/lib/document.js:2629:10\n' +
    '    at new Promise (<anonymous>)\n' +
    '    at model.validate (/Users/ashulkumar/kyc-aadhaar-app/backend/node_modules/mongoose/lib/document.js:2628:10)\n' +
    '    at model.validateBeforeSave (/Users/ashulkumar/kyc-aadhaar-app/backend/node_modules/mongoose/lib/plugins/validateBeforeSave.js:35:12)',
  timestamp: '2025-09-01 18:10:09'
}
{
  service: 'kyc-aadhaar-api',
  message: 'Error details: name: Path `name` is required.',
  stack: 'Error: name: Path `name` is required.\n' +
    '    at model.<anonymous> (/Users/ashulkumar/kyc-aadhaar-app/backend/src/models/PanKyc.js:112:17)\n' +
    '    at callMiddlewareFunction (/Users/ashulkumar/kyc-aadhaar-app/backend/node_modules/kareem/index.js:628:27)\n' +
    '    at next (/Users/ashulkumar/kyc-aadhaar-app/backend/node_modules/kareem/index.js:93:7)\n' +
    '    at Kareem.execPre (/Users/ashulkumar/kyc-aadhaar-app/backend/node_modules/kareem/index.js:122:8)\n' +
    '    at Kareem.wrap (/Users/ashulkumar/kyc-aadhaar-app/backend/node_modules/kareem/index.js:368:8)\n' +
    '    at model.$__validate (/Users/ashulkumar/kyc-aadhaar-app/backend/node_modules/kareem/index.js:502:11)\n' +
    '    at /Users/ashulkumar/kyc-aadhaar-app/backend/node_modules/mongoose/lib/document.js:2629:10\n' +
    '    at new Promise (<anonymous>)\n' +
    '    at model.validate (/Users/ashulkumar/kyc-aadhaar-app/backend/node_modules/mongoose/lib/document.js:2628:10)\n' +
    '    at model.validateBeforeSave (/Users/ashulkumar/kyc-aadhaar-app/backend/node_modules/mongoose/lib/plugins/validateBeforeSave.js:35:12)',
  name: 'Error',
  level: 'error',
  timestamp: '2025-09-01 18:10:09'
}
{
  service: 'kyc-aadhaar-api',
  level: 'error',
  message: 'Error saving individual record: name: Path `name` is required.',
  stack: 'Error: name: Path `name` is required.\n' +
    '    at model.<anonymous> (/Users/ashulkumar/kyc-aadhaar-app/backend/src/models/PanKyc.js:112:17)\n' +
    '    at callMiddlewareFunction (/Users/ashulkumar/kyc-aadhaar-app/backend/node_modules/kareem/index.js:628:27)\n' +
    '    at next (/Users/ashulkumar/kyc-aadhaar-app/backend/node_modules/kareem/index.js:93:7)\n' +
    '    at Kareem.execPre (/Users/ashulkumar/kyc-aadhaar-app/backend/node_modules/kareem/index.js:122:8)\n' +
    '    at Kareem.wrap (/Users/ashulkumar/kyc-aadhaar-app/backend/node_modules/kareem/index.js:368:8)\n' +
    '    at model.$__validate (/Users/ashulkumar/kyc-aadhaar-app/backend/node_modules/kareem/index.js:502:11)\n' +
    '    at /Users/ashulkumar/kyc-aadhaar-app/backend/node_modules/mongoose/lib/document.js:2629:10\n' +
    '    at new Promise (<anonymous>)\n' +
    '    at model.validate (/Users/ashulkumar/kyc-aadhaar-app/backend/node_modules/mongoose/lib/document.js:2628:10)\n' +
    '    at model.validateBeforeSave (/Users/ashulkumar/kyc-aadhaar-app/backend/node_modules/mongoose/lib/plugins/validateBeforeSave.js:35:12)',
  timestamp: '2025-09-01 18:18:59'
}
{
  service: 'kyc-aadhaar-api',
  level: 'error',
  message: 'Error uploading PAN KYC file: name: Path `name` is required.',
  stack: 'Error: name: Path `name` is required.\n' +
    '    at model.<anonymous> (/Users/ashulkumar/kyc-aadhaar-app/backend/src/models/PanKyc.js:112:17)\n' +
    '    at callMiddlewareFunction (/Users/ashulkumar/kyc-aadhaar-app/backend/node_modules/kareem/index.js:628:27)\n' +
    '    at next (/Users/ashulkumar/kyc-aadhaar-app/backend/node_modules/kareem/index.js:93:7)\n' +
    '    at Kareem.execPre (/Users/ashulkumar/kyc-aadhaar-app/backend/node_modules/kareem/index.js:122:8)\n' +
    '    at Kareem.wrap (/Users/ashulkumar/kyc-aadhaar-app/backend/node_modules/kareem/index.js:368:8)\n' +
    '    at model.$__validate (/Users/ashulkumar/kyc-aadhaar-app/backend/node_modules/kareem/index.js:502:11)\n' +
    '    at /Users/ashulkumar/kyc-aadhaar-app/backend/node_modules/mongoose/lib/document.js:2629:10\n' +
    '    at new Promise (<anonymous>)\n' +
    '    at model.validate (/Users/ashulkumar/kyc-aadhaar-app/backend/node_modules/mongoose/lib/document.js:2628:10)\n' +
    '    at model.validateBeforeSave (/Users/ashulkumar/kyc-aadhaar-app/backend/node_modules/mongoose/lib/plugins/validateBeforeSave.js:35:12)',
  timestamp: '2025-09-01 18:18:59'
}
{
  service: 'kyc-aadhaar-api',
  message: 'Error details: name: Path `name` is required.',
  stack: 'Error: name: Path `name` is required.\n' +
    '    at model.<anonymous> (/Users/ashulkumar/kyc-aadhaar-app/backend/src/models/PanKyc.js:112:17)\n' +
    '    at callMiddlewareFunction (/Users/ashulkumar/kyc-aadhaar-app/backend/node_modules/kareem/index.js:628:27)\n' +
    '    at next (/Users/ashulkumar/kyc-aadhaar-app/backend/node_modules/kareem/index.js:93:7)\n' +
    '    at Kareem.execPre (/Users/ashulkumar/kyc-aadhaar-app/backend/node_modules/kareem/index.js:122:8)\n' +
    '    at Kareem.wrap (/Users/ashulkumar/kyc-aadhaar-app/backend/node_modules/kareem/index.js:368:8)\n' +
    '    at model.$__validate (/Users/ashulkumar/kyc-aadhaar-app/backend/node_modules/kareem/index.js:502:11)\n' +
    '    at /Users/ashulkumar/kyc-aadhaar-app/backend/node_modules/mongoose/lib/document.js:2629:10\n' +
    '    at new Promise (<anonymous>)\n' +
    '    at model.validate (/Users/ashulkumar/kyc-aadhaar-app/backend/node_modules/mongoose/lib/document.js:2628:10)\n' +
    '    at model.validateBeforeSave (/Users/ashulkumar/kyc-aadhaar-app/backend/node_modules/mongoose/lib/plugins/validateBeforeSave.js:35:12)',
  name: 'Error',
  level: 'error',
  timestamp: '2025-09-01 18:18:59'
}
{
  service: 'kyc-aadhaar-api',
  level: 'error',
  message: 'Error saving individual record: name: Path `name` is required.',
  stack: 'Error: name: Path `name` is required.\n' +
    '    at model.<anonymous> (/Users/ashulkumar/kyc-aadhaar-app/backend/src/models/PanKyc.js:112:17)\n' +
    '    at callMiddlewareFunction (/Users/ashulkumar/kyc-aadhaar-app/backend/node_modules/kareem/index.js:628:27)\n' +
    '    at next (/Users/ashulkumar/kyc-aadhaar-app/backend/node_modules/kareem/index.js:93:7)\n' +
    '    at Kareem.execPre (/Users/ashulkumar/kyc-aadhaar-app/backend/node_modules/kareem/index.js:122:8)\n' +
    '    at Kareem.wrap (/Users/ashulkumar/kyc-aadhaar-app/backend/node_modules/kareem/index.js:368:8)\n' +
    '    at model.$__validate (/Users/ashulkumar/kyc-aadhaar-app/backend/node_modules/kareem/index.js:502:11)\n' +
    '    at /Users/ashulkumar/kyc-aadhaar-app/backend/node_modules/mongoose/lib/document.js:2629:10\n' +
    '    at new Promise (<anonymous>)\n' +
    '    at model.validate (/Users/ashulkumar/kyc-aadhaar-app/backend/node_modules/mongoose/lib/document.js:2628:10)\n' +
    '    at model.validateBeforeSave (/Users/ashulkumar/kyc-aadhaar-app/backend/node_modules/mongoose/lib/plugins/validateBeforeSave.js:35:12)',
  timestamp: '2025-09-01 18:22:07'
}
{
  service: 'kyc-aadhaar-api',
  level: 'error',
  message: 'Error uploading PAN KYC file: name: Path `name` is required.',
  stack: 'Error: name: Path `name` is required.\n' +
    '    at model.<anonymous> (/Users/ashulkumar/kyc-aadhaar-app/backend/src/models/PanKyc.js:112:17)\n' +
    '    at callMiddlewareFunction (/Users/ashulkumar/kyc-aadhaar-app/backend/node_modules/kareem/index.js:628:27)\n' +
    '    at next (/Users/ashulkumar/kyc-aadhaar-app/backend/node_modules/kareem/index.js:93:7)\n' +
    '    at Kareem.execPre (/Users/ashulkumar/kyc-aadhaar-app/backend/node_modules/kareem/index.js:122:8)\n' +
    '    at Kareem.wrap (/Users/ashulkumar/kyc-aadhaar-app/backend/node_modules/kareem/index.js:368:8)\n' +
    '    at model.$__validate (/Users/ashulkumar/kyc-aadhaar-app/backend/node_modules/kareem/index.js:502:11)\n' +
    '    at /Users/ashulkumar/kyc-aadhaar-app/backend/node_modules/mongoose/lib/document.js:2629:10\n' +
    '    at new Promise (<anonymous>)\n' +
    '    at model.validate (/Users/ashulkumar/kyc-aadhaar-app/backend/node_modules/mongoose/lib/document.js:2628:10)\n' +
    '    at model.validateBeforeSave (/Users/ashulkumar/kyc-aadhaar-app/backend/node_modules/mongoose/lib/plugins/validateBeforeSave.js:35:12)',
  timestamp: '2025-09-01 18:22:07'
}
{
  service: 'kyc-aadhaar-api',
  message: 'Error details: name: Path `name` is required.',
  stack: 'Error: name: Path `name` is required.\n' +
    '    at model.<anonymous> (/Users/ashulkumar/kyc-aadhaar-app/backend/src/models/PanKyc.js:112:17)\n' +
    '    at callMiddlewareFunction (/Users/ashulkumar/kyc-aadhaar-app/backend/node_modules/kareem/index.js:628:27)\n' +
    '    at next (/Users/ashulkumar/kyc-aadhaar-app/backend/node_modules/kareem/index.js:93:7)\n' +
    '    at Kareem.execPre (/Users/ashulkumar/kyc-aadhaar-app/backend/node_modules/kareem/index.js:122:8)\n' +
    '    at Kareem.wrap (/Users/ashulkumar/kyc-aadhaar-app/backend/node_modules/kareem/index.js:368:8)\n' +
    '    at model.$__validate (/Users/ashulkumar/kyc-aadhaar-app/backend/node_modules/kareem/index.js:502:11)\n' +
    '    at /Users/ashulkumar/kyc-aadhaar-app/backend/node_modules/mongoose/lib/document.js:2629:10\n' +
    '    at new Promise (<anonymous>)\n' +
    '    at model.validate (/Users/ashulkumar/kyc-aadhaar-app/backend/node_modules/mongoose/lib/document.js:2628:10)\n' +
    '    at model.validateBeforeSave (/Users/ashulkumar/kyc-aadhaar-app/backend/node_modules/mongoose/lib/plugins/validateBeforeSave.js:35:12)',
  name: 'Error',
  level: 'error',
  timestamp: '2025-09-01 18:22:07'
}
{
  service: 'kyc-aadhaar-api',
  level: 'error',
  message: 'Error saving individual record: name: Path `name` is required.',
  stack: 'Error: name: Path `name` is required.\n' +
    '    at model.<anonymous> (/Users/ashulkumar/kyc-aadhaar-app/backend/src/models/PanKyc.js:112:17)\n' +
    '    at callMiddlewareFunction (/Users/ashulkumar/kyc-aadhaar-app/backend/node_modules/kareem/index.js:628:27)\n' +
    '    at next (/Users/ashulkumar/kyc-aadhaar-app/backend/node_modules/kareem/index.js:93:7)\n' +
    '    at Kareem.execPre (/Users/ashulkumar/kyc-aadhaar-app/backend/node_modules/kareem/index.js:122:8)\n' +
    '    at Kareem.wrap (/Users/ashulkumar/kyc-aadhaar-app/backend/node_modules/kareem/index.js:368:8)\n' +
    '    at model.$__validate (/Users/ashulkumar/kyc-aadhaar-app/backend/node_modules/kareem/index.js:502:11)\n' +
    '    at /Users/ashulkumar/kyc-aadhaar-app/backend/node_modules/mongoose/lib/document.js:2629:10\n' +
    '    at new Promise (<anonymous>)\n' +
    '    at model.validate (/Users/ashulkumar/kyc-aadhaar-app/backend/node_modules/mongoose/lib/document.js:2628:10)\n' +
    '    at model.validateBeforeSave (/Users/ashulkumar/kyc-aadhaar-app/backend/node_modules/mongoose/lib/plugins/validateBeforeSave.js:35:12)',
  timestamp: '2025-09-01 19:40:34'
}
{
  service: 'kyc-aadhaar-api',
  level: 'error',
  message: 'Error uploading PAN KYC file: name: Path `name` is required.',
  stack: 'Error: name: Path `name` is required.\n' +
    '    at model.<anonymous> (/Users/ashulkumar/kyc-aadhaar-app/backend/src/models/PanKyc.js:112:17)\n' +
    '    at callMiddlewareFunction (/Users/ashulkumar/kyc-aadhaar-app/backend/node_modules/kareem/index.js:628:27)\n' +
    '    at next (/Users/ashulkumar/kyc-aadhaar-app/backend/node_modules/kareem/index.js:93:7)\n' +
    '    at Kareem.execPre (/Users/ashulkumar/kyc-aadhaar-app/backend/node_modules/kareem/index.js:122:8)\n' +
    '    at Kareem.wrap (/Users/ashulkumar/kyc-aadhaar-app/backend/node_modules/kareem/index.js:368:8)\n' +
    '    at model.$__validate (/Users/ashulkumar/kyc-aadhaar-app/backend/node_modules/kareem/index.js:502:11)\n' +
    '    at /Users/ashulkumar/kyc-aadhaar-app/backend/node_modules/mongoose/lib/document.js:2629:10\n' +
    '    at new Promise (<anonymous>)\n' +
    '    at model.validate (/Users/ashulkumar/kyc-aadhaar-app/backend/node_modules/mongoose/lib/document.js:2628:10)\n' +
    '    at model.validateBeforeSave (/Users/ashulkumar/kyc-aadhaar-app/backend/node_modules/mongoose/lib/plugins/validateBeforeSave.js:35:12)',
  timestamp: '2025-09-01 19:40:34'
}
{
  service: 'kyc-aadhaar-api',
  message: 'Error details: name: Path `name` is required.',
  stack: 'Error: name: Path `name` is required.\n' +
    '    at model.<anonymous> (/Users/ashulkumar/kyc-aadhaar-app/backend/src/models/PanKyc.js:112:17)\n' +
    '    at callMiddlewareFunction (/Users/ashulkumar/kyc-aadhaar-app/backend/node_modules/kareem/index.js:628:27)\n' +
    '    at next (/Users/ashulkumar/kyc-aadhaar-app/backend/node_modules/kareem/index.js:93:7)\n' +
    '    at Kareem.execPre (/Users/ashulkumar/kyc-aadhaar-app/backend/node_modules/kareem/index.js:122:8)\n' +
    '    at Kareem.wrap (/Users/ashulkumar/kyc-aadhaar-app/backend/node_modules/kareem/index.js:368:8)\n' +
    '    at model.$__validate (/Users/ashulkumar/kyc-aadhaar-app/backend/node_modules/kareem/index.js:502:11)\n' +
    '    at /Users/ashulkumar/kyc-aadhaar-app/backend/node_modules/mongoose/lib/document.js:2629:10\n' +
    '    at new Promise (<anonymous>)\n' +
    '    at model.validate (/Users/ashulkumar/kyc-aadhaar-app/backend/node_modules/mongoose/lib/document.js:2628:10)\n' +
    '    at model.validateBeforeSave (/Users/ashulkumar/kyc-aadhaar-app/backend/node_modules/mongoose/lib/plugins/validateBeforeSave.js:35:12)',
  name: 'Error',
  level: 'error',
  timestamp: '2025-09-01 19:40:34'
}
{
  service: 'kyc-aadhaar-api',
  level: 'error',
  message: 'Error saving individual record: name: Path `name` is required.',
  stack: 'Error: name: Path `name` is required.\n' +
    '    at model.<anonymous> (/Users/ashulkumar/kyc-aadhaar-app/backend/src/models/PanKyc.js:112:17)\n' +
    '    at callMiddlewareFunction (/Users/ashulkumar/kyc-aadhaar-app/backend/node_modules/kareem/index.js:628:27)\n' +
    '    at next (/Users/ashulkumar/kyc-aadhaar-app/backend/node_modules/kareem/index.js:93:7)\n' +
    '    at Kareem.execPre (/Users/ashulkumar/kyc-aadhaar-app/backend/node_modules/kareem/index.js:122:8)\n' +
    '    at Kareem.wrap (/Users/ashulkumar/kyc-aadhaar-app/backend/node_modules/kareem/index.js:368:8)\n' +
    '    at model.$__validate (/Users/ashulkumar/kyc-aadhaar-app/backend/node_modules/kareem/index.js:502:11)\n' +
    '    at /Users/ashulkumar/kyc-aadhaar-app/backend/node_modules/mongoose/lib/document.js:2629:10\n' +
    '    at new Promise (<anonymous>)\n' +
    '    at model.validate (/Users/ashulkumar/kyc-aadhaar-app/backend/node_modules/mongoose/lib/document.js:2628:10)\n' +
    '    at model.validateBeforeSave (/Users/ashulkumar/kyc-aadhaar-app/backend/node_modules/mongoose/lib/plugins/validateBeforeSave.js:35:12)',
  timestamp: '2025-09-01 19:44:28'
}
{
  service: 'kyc-aadhaar-api',
  level: 'error',
  message: 'Error uploading PAN KYC file: name: Path `name` is required.',
  stack: 'Error: name: Path `name` is required.\n' +
    '    at model.<anonymous> (/Users/ashulkumar/kyc-aadhaar-app/backend/src/models/PanKyc.js:112:17)\n' +
    '    at callMiddlewareFunction (/Users/ashulkumar/kyc-aadhaar-app/backend/node_modules/kareem/index.js:628:27)\n' +
    '    at next (/Users/ashulkumar/kyc-aadhaar-app/backend/node_modules/kareem/index.js:93:7)\n' +
    '    at Kareem.execPre (/Users/ashulkumar/kyc-aadhaar-app/backend/node_modules/kareem/index.js:122:8)\n' +
    '    at Kareem.wrap (/Users/ashulkumar/kyc-aadhaar-app/backend/node_modules/kareem/index.js:368:8)\n' +
    '    at model.$__validate (/Users/ashulkumar/kyc-aadhaar-app/backend/node_modules/kareem/index.js:502:11)\n' +
    '    at /Users/ashulkumar/kyc-aadhaar-app/backend/node_modules/mongoose/lib/document.js:2629:10\n' +
    '    at new Promise (<anonymous>)\n' +
    '    at model.validate (/Users/ashulkumar/kyc-aadhaar-app/backend/node_modules/mongoose/lib/document.js:2628:10)\n' +
    '    at model.validateBeforeSave (/Users/ashulkumar/kyc-aadhaar-app/backend/node_modules/mongoose/lib/plugins/validateBeforeSave.js:35:12)',
  timestamp: '2025-09-01 19:44:28'
}
{
  service: 'kyc-aadhaar-api',
  message: 'Error details: name: Path `name` is required.',
  stack: 'Error: name: Path `name` is required.\n' +
    '    at model.<anonymous> (/Users/ashulkumar/kyc-aadhaar-app/backend/src/models/PanKyc.js:112:17)\n' +
    '    at callMiddlewareFunction (/Users/ashulkumar/kyc-aadhaar-app/backend/node_modules/kareem/index.js:628:27)\n' +
    '    at next (/Users/ashulkumar/kyc-aadhaar-app/backend/node_modules/kareem/index.js:93:7)\n' +
    '    at Kareem.execPre (/Users/ashulkumar/kyc-aadhaar-app/backend/node_modules/kareem/index.js:122:8)\n' +
    '    at Kareem.wrap (/Users/ashulkumar/kyc-aadhaar-app/backend/node_modules/kareem/index.js:368:8)\n' +
    '    at model.$__validate (/Users/ashulkumar/kyc-aadhaar-app/backend/node_modules/kareem/index.js:502:11)\n' +
    '    at /Users/ashulkumar/kyc-aadhaar-app/backend/node_modules/mongoose/lib/document.js:2629:10\n' +
    '    at new Promise (<anonymous>)\n' +
    '    at model.validate (/Users/ashulkumar/kyc-aadhaar-app/backend/node_modules/mongoose/lib/document.js:2628:10)\n' +
    '    at model.validateBeforeSave (/Users/ashulkumar/kyc-aadhaar-app/backend/node_modules/mongoose/lib/plugins/validateBeforeSave.js:35:12)',
  name: 'Error',
  level: 'error',
  timestamp: '2025-09-01 19:44:28'
}
{
  service: 'kyc-aadhaar-api',
  level: 'error',
  message: 'Error saving individual record: name: Path `name` is required.',
  stack: 'Error: name: Path `name` is required.\n' +
    '    at model.<anonymous> (/Users/ashulkumar/kyc-aadhaar-app/backend/src/models/PanKyc.js:112:17)\n' +
    '    at callMiddlewareFunction (/Users/ashulkumar/kyc-aadhaar-app/backend/node_modules/kareem/index.js:628:27)\n' +
    '    at next (/Users/ashulkumar/kyc-aadhaar-app/backend/node_modules/kareem/index.js:93:7)\n' +
    '    at Kareem.execPre (/Users/ashulkumar/kyc-aadhaar-app/backend/node_modules/kareem/index.js:122:8)\n' +
    '    at Kareem.wrap (/Users/ashulkumar/kyc-aadhaar-app/backend/node_modules/kareem/index.js:368:8)\n' +
    '    at model.$__validate (/Users/ashulkumar/kyc-aadhaar-app/backend/node_modules/kareem/index.js:502:11)\n' +
    '    at /Users/ashulkumar/kyc-aadhaar-app/backend/node_modules/mongoose/lib/document.js:2629:10\n' +
    '    at new Promise (<anonymous>)\n' +
    '    at model.validate (/Users/ashulkumar/kyc-aadhaar-app/backend/node_modules/mongoose/lib/document.js:2628:10)\n' +
    '    at model.validateBeforeSave (/Users/ashulkumar/kyc-aadhaar-app/backend/node_modules/mongoose/lib/plugins/validateBeforeSave.js:35:12)',
  timestamp: '2025-09-01 19:44:33'
}
{
  service: 'kyc-aadhaar-api',
  level: 'error',
  message: 'Error uploading PAN KYC file: name: Path `name` is required.',
  stack: 'Error: name: Path `name` is required.\n' +
    '    at model.<anonymous> (/Users/ashulkumar/kyc-aadhaar-app/backend/src/models/PanKyc.js:112:17)\n' +
    '    at callMiddlewareFunction (/Users/ashulkumar/kyc-aadhaar-app/backend/node_modules/kareem/index.js:628:27)\n' +
    '    at next (/Users/ashulkumar/kyc-aadhaar-app/backend/node_modules/kareem/index.js:93:7)\n' +
    '    at Kareem.execPre (/Users/ashulkumar/kyc-aadhaar-app/backend/node_modules/kareem/index.js:122:8)\n' +
    '    at Kareem.wrap (/Users/ashulkumar/kyc-aadhaar-app/backend/node_modules/kareem/index.js:368:8)\n' +
    '    at model.$__validate (/Users/ashulkumar/kyc-aadhaar-app/backend/node_modules/kareem/index.js:502:11)\n' +
    '    at /Users/ashulkumar/kyc-aadhaar-app/backend/node_modules/mongoose/lib/document.js:2629:10\n' +
    '    at new Promise (<anonymous>)\n' +
    '    at model.validate (/Users/ashulkumar/kyc-aadhaar-app/backend/node_modules/mongoose/lib/document.js:2628:10)\n' +
    '    at model.validateBeforeSave (/Users/ashulkumar/kyc-aadhaar-app/backend/node_modules/mongoose/lib/plugins/validateBeforeSave.js:35:12)',
  timestamp: '2025-09-01 19:44:33'
}
{
  service: 'kyc-aadhaar-api',
  message: 'Error details: name: Path `name` is required.',
  stack: 'Error: name: Path `name` is required.\n' +
    '    at model.<anonymous> (/Users/ashulkumar/kyc-aadhaar-app/backend/src/models/PanKyc.js:112:17)\n' +
    '    at callMiddlewareFunction (/Users/ashulkumar/kyc-aadhaar-app/backend/node_modules/kareem/index.js:628:27)\n' +
    '    at next (/Users/ashulkumar/kyc-aadhaar-app/backend/node_modules/kareem/index.js:93:7)\n' +
    '    at Kareem.execPre (/Users/ashulkumar/kyc-aadhaar-app/backend/node_modules/kareem/index.js:122:8)\n' +
    '    at Kareem.wrap (/Users/ashulkumar/kyc-aadhaar-app/backend/node_modules/kareem/index.js:368:8)\n' +
    '    at model.$__validate (/Users/ashulkumar/kyc-aadhaar-app/backend/node_modules/kareem/index.js:502:11)\n' +
    '    at /Users/ashulkumar/kyc-aadhaar-app/backend/node_modules/mongoose/lib/document.js:2629:10\n' +
    '    at new Promise (<anonymous>)\n' +
    '    at model.validate (/Users/ashulkumar/kyc-aadhaar-app/backend/node_modules/mongoose/lib/document.js:2628:10)\n' +
    '    at model.validateBeforeSave (/Users/ashulkumar/kyc-aadhaar-app/backend/node_modules/mongoose/lib/plugins/validateBeforeSave.js:35:12)',
  name: 'Error',
  level: 'error',
  timestamp: '2025-09-01 19:44:33'
}
{
  service: 'kyc-aadhaar-api',
  name: 'JsonWebTokenError',
  message: 'Token verification failed: jwt malformed',
  level: 'error',
  stack: 'JsonWebTokenError: jwt malformed\n' +
    '    at module.exports [as verify] (/Users/ashulkumar/kyc-aadhaar-app/backend/node_modules/jsonwebtoken/verify.js:70:17)\n' +
    '    at protect (/Users/ashulkumar/kyc-aadhaar-app/backend/src/middleware/auth.js:15:27)\n' +
    '    at Layer.handle [as handle_request] (/Users/ashulkumar/kyc-aadhaar-app/backend/node_modules/express/lib/router/layer.js:95:5)\n' +
    '    at next (/Users/ashulkumar/kyc-aadhaar-app/backend/node_modules/express/lib/router/route.js:149:13)\n' +
    '    at Route.dispatch (/Users/ashulkumar/kyc-aadhaar-app/backend/node_modules/express/lib/router/route.js:119:3)\n' +
    '    at Layer.handle [as handle_request] (/Users/ashulkumar/kyc-aadhaar-app/backend/node_modules/express/lib/router/layer.js:95:5)\n' +
    '    at /Users/ashulkumar/kyc-aadhaar-app/backend/node_modules/express/lib/router/index.js:284:15\n' +
    '    at Function.process_params (/Users/ashulkumar/kyc-aadhaar-app/backend/node_modules/express/lib/router/index.js:346:12)\n' +
    '    at next (/Users/ashulkumar/kyc-aadhaar-app/backend/node_modules/express/lib/router/index.js:280:10)\n' +
    '    at Function.handle (/Users/ashulkumar/kyc-aadhaar-app/backend/node_modules/express/lib/router/index.js:175:3)',
  timestamp: '2025-09-01 20:30:12'
}
{
  service: 'kyc-aadhaar-api',
  level: 'error',
  message: 'Error uploading Aadhaar-PAN file: name: Path `name` is required.',
  stack: 'Error: name: Path `name` is required.\n' +
    '    at model.<anonymous> (/Users/ashulkumar/kyc-aadhaar-app/backend/src/models/AadhaarPan.js:115:17)\n' +
    '    at callMiddlewareFunction (/Users/ashulkumar/kyc-aadhaar-app/backend/node_modules/kareem/index.js:628:27)\n' +
    '    at next (/Users/ashulkumar/kyc-aadhaar-app/backend/node_modules/kareem/index.js:93:7)\n' +
    '    at Kareem.execPre (/Users/ashulkumar/kyc-aadhaar-app/backend/node_modules/kareem/index.js:122:8)\n' +
    '    at Kareem.wrap (/Users/ashulkumar/kyc-aadhaar-app/backend/node_modules/kareem/index.js:368:8)\n' +
    '    at model.$__validate (/Users/ashulkumar/kyc-aadhaar-app/backend/node_modules/kareem/index.js:502:11)\n' +
    '    at /Users/ashulkumar/kyc-aadhaar-app/backend/node_modules/mongoose/lib/document.js:2629:10\n' +
    '    at new Promise (<anonymous>)\n' +
    '    at model.validate (/Users/ashulkumar/kyc-aadhaar-app/backend/node_modules/mongoose/lib/document.js:2628:10)\n' +
    '    at Array.<anonymous> (/Users/ashulkumar/kyc-aadhaar-app/backend/node_modules/mongoose/lib/model.js:3155:11)',
  timestamp: '2025-09-01 22:33:49'
}
{
  service: 'kyc-aadhaar-api',
  level: 'error',
  message: 'Error uploading Aadhaar-PAN file: name: Path `name` is required.',
  stack: 'Error: name: Path `name` is required.\n' +
    '    at model.<anonymous> (/Users/ashulkumar/kyc-aadhaar-app/backend/src/models/AadhaarPan.js:115:17)\n' +
    '    at callMiddlewareFunction (/Users/ashulkumar/kyc-aadhaar-app/backend/node_modules/kareem/index.js:628:27)\n' +
    '    at next (/Users/ashulkumar/kyc-aadhaar-app/backend/node_modules/kareem/index.js:93:7)\n' +
    '    at Kareem.execPre (/Users/ashulkumar/kyc-aadhaar-app/backend/node_modules/kareem/index.js:122:8)\n' +
    '    at Kareem.wrap (/Users/ashulkumar/kyc-aadhaar-app/backend/node_modules/kareem/index.js:368:8)\n' +
    '    at model.$__validate (/Users/ashulkumar/kyc-aadhaar-app/backend/node_modules/kareem/index.js:502:11)\n' +
    '    at /Users/ashulkumar/kyc-aadhaar-app/backend/node_modules/mongoose/lib/document.js:2629:10\n' +
    '    at new Promise (<anonymous>)\n' +
    '    at model.validate (/Users/ashulkumar/kyc-aadhaar-app/backend/node_modules/mongoose/lib/document.js:2628:10)\n' +
    '    at Array.<anonymous> (/Users/ashulkumar/kyc-aadhaar-app/backend/node_modules/mongoose/lib/model.js:3155:11)',
  timestamp: '2025-09-01 22:34:03'
}
{
  service: 'kyc-aadhaar-api',
  name: 'JsonWebTokenError',
  message: 'Token verification failed: jwt malformed',
  level: 'error',
  stack: 'JsonWebTokenError: jwt malformed\n' +
    '    at module.exports [as verify] (/Users/ashulkumar/kyc-aadhaar-app/backend/node_modules/jsonwebtoken/verify.js:70:17)\n' +
    '    at protect (/Users/ashulkumar/kyc-aadhaar-app/backend/src/middleware/auth.js:15:27)\n' +
    '    at Layer.handle [as handle_request] (/Users/ashulkumar/kyc-aadhaar-app/backend/node_modules/express/lib/router/layer.js:95:5)\n' +
    '    at next (/Users/ashulkumar/kyc-aadhaar-app/backend/node_modules/express/lib/router/route.js:149:13)\n' +
    '    at Route.dispatch (/Users/ashulkumar/kyc-aadhaar-app/backend/node_modules/express/lib/router/route.js:119:3)\n' +
    '    at Layer.handle [as handle_request] (/Users/ashulkumar/kyc-aadhaar-app/backend/node_modules/express/lib/router/layer.js:95:5)\n' +
    '    at /Users/ashulkumar/kyc-aadhaar-app/backend/node_modules/express/lib/router/index.js:284:15\n' +
    '    at Function.process_params (/Users/ashulkumar/kyc-aadhaar-app/backend/node_modules/express/lib/router/index.js:346:12)\n' +
    '    at next (/Users/ashulkumar/kyc-aadhaar-app/backend/node_modules/express/lib/router/index.js:280:10)\n' +
    '    at Function.handle (/Users/ashulkumar/kyc-aadhaar-app/backend/node_modules/express/lib/router/index.js:175:3)',
  timestamp: '2025-09-01 22:44:06'
}
{
  service: 'kyc-aadhaar-api',
  level: 'error',
  message: 'Error in single KYC verification: simulatePANVerification is not defined',
  stack: 'ReferenceError: simulatePANVerification is not defined\n' +
    '    at /Users/ashulkumar/kyc-aadhaar-app/backend/src/routes/panKyc.js:815:32\n' +
    '    at Layer.handle [as handle_request] (/Users/ashulkumar/kyc-aadhaar-app/backend/node_modules/express/lib/router/layer.js:95:5)\n' +
    '    at next (/Users/ashulkumar/kyc-aadhaar-app/backend/node_modules/express/lib/router/route.js:149:13)\n' +
    '    at protect (/Users/ashulkumar/kyc-aadhaar-app/backend/src/middleware/auth.js:35:7)\n' +
    '    at process.processTicksAndRejections (node:internal/process/task_queues:95:5)',
  timestamp: '2025-09-01 23:28:13'
}
{
  service: 'kyc-aadhaar-api',
  level: 'error',
  message: 'Error in single KYC verification: simulatePANVerification is not defined',
  stack: 'ReferenceError: simulatePANVerification is not defined\n' +
    '    at /Users/ashulkumar/kyc-aadhaar-app/backend/src/routes/panKyc.js:815:32\n' +
    '    at Layer.handle [as handle_request] (/Users/ashulkumar/kyc-aadhaar-app/backend/node_modules/express/lib/router/layer.js:95:5)\n' +
    '    at next (/Users/ashulkumar/kyc-aadhaar-app/backend/node_modules/express/lib/router/route.js:149:13)\n' +
    '    at protect (/Users/ashulkumar/kyc-aadhaar-app/backend/src/middleware/auth.js:35:7)\n' +
    '    at process.processTicksAndRejections (node:internal/process/task_queues:95:5)',
  timestamp: '2025-09-01 23:28:27'
}
{
  service: 'kyc-aadhaar-api',
  level: 'error',
  message: "Error fetching PAN KYC stats: Class constructor ObjectId cannot be invoked without 'new'",
  stack: "TypeError: Class constructor ObjectId cannot be invoked without 'new'\n" +
    '    at PanKycSchema.statics.getUserStats (/Users/ashulkumar/kyc-aadhaar-app/backend/src/models/PanKyc.js:244:32)\n' +
    '    at /Users/ashulkumar/kyc-aadhaar-app/backend/src/routes/panKyc.js:560:32\n' +
    '    at Layer.handle [as handle_request] (/Users/ashulkumar/kyc-aadhaar-app/backend/node_modules/express/lib/router/layer.js:95:5)\n' +
    '    at next (/Users/ashulkumar/kyc-aadhaar-app/backend/node_modules/express/lib/router/route.js:149:13)\n' +
    '    at protect (/Users/ashulkumar/kyc-aadhaar-app/backend/src/middleware/auth.js:35:7)\n' +
    '    at process.processTicksAndRejections (node:internal/process/task_queues:95:5)',
  timestamp: '2025-09-01 23:31:53'
}
{
  service: 'kyc-aadhaar-api',
  level: 'error',
  message: "Error fetching PAN KYC stats: Class constructor ObjectId cannot be invoked without 'new'",
  stack: "TypeError: Class constructor ObjectId cannot be invoked without 'new'\n" +
    '    at PanKycSchema.statics.getUserStats (/Users/ashulkumar/kyc-aadhaar-app/backend/src/models/PanKyc.js:244:32)\n' +
    '    at /Users/ashulkumar/kyc-aadhaar-app/backend/src/routes/panKyc.js:560:32\n' +
    '    at Layer.handle [as handle_request] (/Users/ashulkumar/kyc-aadhaar-app/backend/node_modules/express/lib/router/layer.js:95:5)\n' +
    '    at next (/Users/ashulkumar/kyc-aadhaar-app/backend/node_modules/express/lib/router/route.js:149:13)\n' +
    '    at protect (/Users/ashulkumar/kyc-aadhaar-app/backend/src/middleware/auth.js:35:7)\n' +
    '    at process.processTicksAndRejections (node:internal/process/task_queues:95:5)',
  timestamp: '2025-09-01 23:31:54'
}
{
  service: 'kyc-aadhaar-api',
  level: 'error',
  message: "Error fetching PAN KYC stats: Class constructor ObjectId cannot be invoked without 'new'",
  stack: "TypeError: Class constructor ObjectId cannot be invoked without 'new'\n" +
    '    at PanKycSchema.statics.getUserStats (/Users/ashulkumar/kyc-aadhaar-app/backend/src/models/PanKyc.js:244:32)\n' +
    '    at /Users/ashulkumar/kyc-aadhaar-app/backend/src/routes/panKyc.js:560:32\n' +
    '    at Layer.handle [as handle_request] (/Users/ashulkumar/kyc-aadhaar-app/backend/node_modules/express/lib/router/layer.js:95:5)\n' +
    '    at next (/Users/ashulkumar/kyc-aadhaar-app/backend/node_modules/express/lib/router/route.js:149:13)\n' +
    '    at protect (/Users/ashulkumar/kyc-aadhaar-app/backend/src/middleware/auth.js:35:7)\n' +
    '    at process.processTicksAndRejections (node:internal/process/task_queues:95:5)',
  timestamp: '2025-09-01 23:32:07'
}
{
  service: 'kyc-aadhaar-api',
  level: 'error',
  message: "Error fetching PAN KYC stats: Class constructor ObjectId cannot be invoked without 'new'",
  stack: "TypeError: Class constructor ObjectId cannot be invoked without 'new'\n" +
    '    at PanKycSchema.statics.getUserStats (/Users/ashulkumar/kyc-aadhaar-app/backend/src/models/PanKyc.js:244:32)\n' +
    '    at /Users/ashulkumar/kyc-aadhaar-app/backend/src/routes/panKyc.js:560:32\n' +
    '    at Layer.handle [as handle_request] (/Users/ashulkumar/kyc-aadhaar-app/backend/node_modules/express/lib/router/layer.js:95:5)\n' +
    '    at next (/Users/ashulkumar/kyc-aadhaar-app/backend/node_modules/express/lib/router/route.js:149:13)\n' +
    '    at protect (/Users/ashulkumar/kyc-aadhaar-app/backend/src/middleware/auth.js:35:7)\n' +
    '    at process.processTicksAndRejections (node:internal/process/task_queues:95:5)',
  timestamp: '2025-09-01 23:34:11'
}
{
  service: 'kyc-aadhaar-api',
  level: 'error',
  message: 'Error uploading Aadhaar-PAN file: name: Path `name` is required.',
  stack: 'Error: name: Path `name` is required.\n' +
    '    at model.<anonymous> (/Users/ashulkumar/kyc-aadhaar-app/backend/src/models/AadhaarPan.js:115:17)\n' +
    '    at callMiddlewareFunction (/Users/ashulkumar/kyc-aadhaar-app/backend/node_modules/kareem/index.js:628:27)\n' +
    '    at next (/Users/ashulkumar/kyc-aadhaar-app/backend/node_modules/kareem/index.js:93:7)\n' +
    '    at Kareem.execPre (/Users/ashulkumar/kyc-aadhaar-app/backend/node_modules/kareem/index.js:122:8)\n' +
    '    at Kareem.wrap (/Users/ashulkumar/kyc-aadhaar-app/backend/node_modules/kareem/index.js:368:8)\n' +
    '    at model.$__validate (/Users/ashulkumar/kyc-aadhaar-app/backend/node_modules/kareem/index.js:502:11)\n' +
    '    at /Users/ashulkumar/kyc-aadhaar-app/backend/node_modules/mongoose/lib/document.js:2629:10\n' +
    '    at new Promise (<anonymous>)\n' +
    '    at model.validate (/Users/ashulkumar/kyc-aadhaar-app/backend/node_modules/mongoose/lib/document.js:2628:10)\n' +
    '    at Array.<anonymous> (/Users/ashulkumar/kyc-aadhaar-app/backend/node_modules/mongoose/lib/model.js:3155:11)',
  timestamp: '2025-09-01 23:50:52'
}
{
  service: 'kyc-aadhaar-api',
  level: 'error',
  message: 'Error uploading Aadhaar-PAN file: name: Path `name` is required.',
  stack: 'Error: name: Path `name` is required.\n' +
    '    at model.<anonymous> (/Users/ashulkumar/kyc-aadhaar-app/backend/src/models/AadhaarPan.js:115:17)\n' +
    '    at callMiddlewareFunction (/Users/ashulkumar/kyc-aadhaar-app/backend/node_modules/kareem/index.js:628:27)\n' +
    '    at next (/Users/ashulkumar/kyc-aadhaar-app/backend/node_modules/kareem/index.js:93:7)\n' +
    '    at Kareem.execPre (/Users/ashulkumar/kyc-aadhaar-app/backend/node_modules/kareem/index.js:122:8)\n' +
    '    at Kareem.wrap (/Users/ashulkumar/kyc-aadhaar-app/backend/node_modules/kareem/index.js:368:8)\n' +
    '    at model.$__validate (/Users/ashulkumar/kyc-aadhaar-app/backend/node_modules/kareem/index.js:502:11)\n' +
    '    at /Users/ashulkumar/kyc-aadhaar-app/backend/node_modules/mongoose/lib/document.js:2629:10\n' +
    '    at new Promise (<anonymous>)\n' +
    '    at model.validate (/Users/ashulkumar/kyc-aadhaar-app/backend/node_modules/mongoose/lib/document.js:2628:10)\n' +
    '    at Array.<anonymous> (/Users/ashulkumar/kyc-aadhaar-app/backend/node_modules/mongoose/lib/model.js:3155:11)',
  timestamp: '2025-09-01 23:51:57'
}
{
  service: 'kyc-aadhaar-api',
  name: 'JsonWebTokenError',
  message: 'Token verification failed: jwt malformed',
  level: 'error',
  stack: 'JsonWebTokenError: jwt malformed\n' +
    '    at module.exports [as verify] (/Users/ashulkumar/kyc-aadhaar-app/backend/node_modules/jsonwebtoken/verify.js:70:17)\n' +
    '    at protect (/Users/ashulkumar/kyc-aadhaar-app/backend/src/middleware/auth.js:15:27)\n' +
    '    at Layer.handle [as handle_request] (/Users/ashulkumar/kyc-aadhaar-app/backend/node_modules/express/lib/router/layer.js:95:5)\n' +
    '    at next (/Users/ashulkumar/kyc-aadhaar-app/backend/node_modules/express/lib/router/route.js:149:13)\n' +
    '    at Route.dispatch (/Users/ashulkumar/kyc-aadhaar-app/backend/node_modules/express/lib/router/route.js:119:3)\n' +
    '    at Layer.handle [as handle_request] (/Users/ashulkumar/kyc-aadhaar-app/backend/node_modules/express/lib/router/layer.js:95:5)\n' +
    '    at /Users/ashulkumar/kyc-aadhaar-app/backend/node_modules/express/lib/router/index.js:284:15\n' +
    '    at Function.process_params (/Users/ashulkumar/kyc-aadhaar-app/backend/node_modules/express/lib/router/index.js:346:12)\n' +
    '    at next (/Users/ashulkumar/kyc-aadhaar-app/backend/node_modules/express/lib/router/index.js:280:10)\n' +
    '    at Function.handle (/Users/ashulkumar/kyc-aadhaar-app/backend/node_modules/express/lib/router/index.js:175:3)',
  timestamp: '2025-09-02 00:01:02'
}
